<?xml version="1.0" encoding="UTF-8"?>
<testng-results ignored="0" total="1" passed="1" failed="0" skipped="0">
  <reporter-output>
  </reporter-output>
  <suite started-at="2021-07-17T23:03:09 EDT" name="Default suite" finished-at="2021-07-17T23:03:16 EDT" duration-ms="6787">
    <groups>
    </groups>
    <test started-at="2021-07-17T23:03:09 EDT" name="Default test" finished-at="2021-07-17T23:03:16 EDT" duration-ms="6787">
      <class name="com.smoke.RunTime">
        <test-method is-config="true" signature="setUp()[pri:0, instance:com.smoke.RunTime@2accdbb5]" started-at="2021-07-17T23:03:09 EDT" name="setUp" finished-at="2021-07-17T23:03:14 EDT" duration-ms="5143" status="PASS">
          <reporter-output>
          </reporter-output>
        </test-method> <!-- setUp -->
        <test-method signature="getLogin()[pri:0, instance:com.smoke.RunTime@2accdbb5]" started-at="2021-07-17T23:03:14 EDT" name="getLogin" finished-at="2021-07-17T23:03:14 EDT" duration-ms="28" status="PASS">
          <reporter-output>
          </reporter-output>
        </test-method> <!-- getLogin -->
        <test-method is-config="true" signature="tearDown()[pri:0, instance:com.smoke.RunTime@2accdbb5]" started-at="2021-07-17T23:03:14 EDT" name="tearDown" finished-at="2021-07-17T23:03:16 EDT" duration-ms="1533" status="PASS">
          <reporter-output>
          </reporter-output>
        </test-method> <!-- tearDown -->
      </class> <!-- com.smoke.RunTime -->
    </test> <!-- Default test -->
  </suite> <!-- Default suite -->
</testng-results>
